2019-03-31 14:48:12,782 - INFO - allennlp.common.params - evaluate_on_test = False
2019-03-31 14:48:12,782 - INFO - allennlp.common.from_params - instantiating class <class 'allennlp.data.dataset_readers.dataset_reader.DatasetReader'> from params {'type': 'unsupervised_translation'} and extras {}
2019-03-31 14:48:12,783 - INFO - allennlp.common.params - dataset_reader.type = unsupervised_translation
2019-03-31 14:48:12,783 - INFO - allennlp.common.from_params - instantiating class <class 'unsupervised_translation.data.dataset_readers.unsupervised_translation_reader.UnsupervisedTranslationDatasetsReader'> from params {} and extras {}
2019-03-31 14:48:12,783 - INFO - allennlp.common.params - dataset_reader.token_indexers = <allennlp.common.params.Params object at 0x7ff1c9a2a9b0>
2019-03-31 14:48:12,783 - INFO - allennlp.common.params - dataset_reader.lazy = False
2019-03-31 14:48:12,784 - INFO - allennlp.common.params - validation_dataset_reader = None
2019-03-31 14:48:12,784 - INFO - allennlp.training.util - Reading training data from <allennlp.common.params.Params object at 0x7ff23785f588>
2019-03-31 14:48:12,785 - INFO - unsupervised_translation.data.dataset_readers.unsupervised_translation_reader - Reading instances from lines in file at: fixtures/data/mono.en
2019-03-31 14:48:12,785 - INFO - unsupervised_translation.data.dataset_readers.unsupervised_translation_reader - Reading instances from lines in file at: fixtures/data/para.en-ru
2019-03-31 14:48:12,786 - INFO - unsupervised_translation.data.dataset_readers.unsupervised_translation_reader - Reading instances from lines in file at: fixtures/data/mono.ru
2019-03-31 14:48:12,787 - INFO - allennlp.training.util - Reading validation data from <allennlp.common.params.Params object at 0x7ff23785ada0>
2019-03-31 14:48:12,788 - INFO - unsupervised_translation.data.dataset_readers.unsupervised_translation_reader - Reading instances from lines in file at: fixtures/data/para.en-ru
2019-03-31 14:48:12,788 - INFO - allennlp.common.params - test_data_path = None
2019-03-31 14:48:12,789 - INFO - allennlp.training.trainer - From dataset instances, validation, train will be considered for vocabulary creation.
2019-03-31 14:48:12,789 - INFO - allennlp.common.params - vocabulary.type = None
2019-03-31 14:48:12,789 - INFO - allennlp.common.params - vocabulary.extend = False
2019-03-31 14:48:12,789 - INFO - allennlp.common.params - vocabulary.directory_path = None
2019-03-31 14:48:12,789 - INFO - allennlp.common.params - vocabulary.min_count = None
2019-03-31 14:48:12,789 - INFO - allennlp.common.params - vocabulary.max_vocab_size = None
2019-03-31 14:48:12,789 - INFO - allennlp.common.params - vocabulary.non_padded_namespaces = ('*tags', '*labels')
2019-03-31 14:48:12,789 - INFO - allennlp.common.params - vocabulary.min_pretrained_embeddings = None
2019-03-31 14:48:12,789 - INFO - allennlp.common.params - vocabulary.only_include_pretrained_words = False
2019-03-31 14:48:12,789 - INFO - allennlp.common.params - vocabulary.tokens_to_add = None
2019-03-31 14:48:12,789 - INFO - allennlp.data.vocabulary - Fitting token dictionary from dataset.
2019-03-31 14:48:12,790 - INFO - allennlp.common.from_params - instantiating class <class 'allennlp.models.model.Model'> from params {'dataset_reader': {'type': 'unsupervised_translation'}, 'encoder': {'bidirectional': True, 'hidden_size': 300, 'input_size': 300, 'type': 'lstm'}, 'max_decoding_steps': 10, 'source_embedder': {'token_embedders': {'tokens': {'embedding_dim': 300, 'type': 'embedding'}}}, 'type': 'unsupervised_translation'} and extras {'vocab': Vocabulary with namespaces:  tokens, Size: 96 || Non Padded Namespaces: {'*labels', '*tags'}}
2019-03-31 14:48:12,790 - INFO - allennlp.common.params - model.type = unsupervised_translation
2019-03-31 14:48:12,791 - INFO - allennlp.common.from_params - instantiating class <class 'unsupervised_translation.models.unsupervised_translation.UnsupevisedTranslation'> from params {'dataset_reader': {'type': 'unsupervised_translation'}, 'encoder': {'bidirectional': True, 'hidden_size': 300, 'input_size': 300, 'type': 'lstm'}, 'max_decoding_steps': 10, 'source_embedder': {'token_embedders': {'tokens': {'embedding_dim': 300, 'type': 'embedding'}}}} and extras {'vocab': Vocabulary with namespaces:  tokens, Size: 96 || Non Padded Namespaces: {'*labels', '*tags'}}
2019-03-31 14:48:12,791 - INFO - allennlp.common.from_params - instantiating class <class 'allennlp.modules.text_field_embedders.text_field_embedder.TextFieldEmbedder'> from params {'token_embedders': {'tokens': {'embedding_dim': 300, 'type': 'embedding'}}} and extras {'vocab': Vocabulary with namespaces:  tokens, Size: 96 || Non Padded Namespaces: {'*labels', '*tags'}}
2019-03-31 14:48:12,791 - INFO - allennlp.common.params - model.source_embedder.type = basic
2019-03-31 14:48:12,791 - INFO - allennlp.common.params - model.source_embedder.embedder_to_indexer_map = None
2019-03-31 14:48:12,792 - INFO - allennlp.common.params - model.source_embedder.allow_unmatched_keys = False
2019-03-31 14:48:12,792 - INFO - allennlp.common.from_params - instantiating class <class 'allennlp.modules.token_embedders.token_embedder.TokenEmbedder'> from params {'embedding_dim': 300, 'type': 'embedding'} and extras {'vocab': Vocabulary with namespaces:  tokens, Size: 96 || Non Padded Namespaces: {'*labels', '*tags'}}
2019-03-31 14:48:12,792 - INFO - allennlp.common.params - model.source_embedder.token_embedders.tokens.type = embedding
2019-03-31 14:48:12,792 - INFO - allennlp.common.params - model.source_embedder.token_embedders.tokens.num_embeddings = None
2019-03-31 14:48:12,792 - INFO - allennlp.common.params - model.source_embedder.token_embedders.tokens.vocab_namespace = tokens
2019-03-31 14:48:12,792 - INFO - allennlp.common.params - model.source_embedder.token_embedders.tokens.embedding_dim = 300
2019-03-31 14:48:12,793 - INFO - allennlp.common.params - model.source_embedder.token_embedders.tokens.pretrained_file = None
2019-03-31 14:48:12,793 - INFO - allennlp.common.params - model.source_embedder.token_embedders.tokens.projection_dim = None
2019-03-31 14:48:12,793 - INFO - allennlp.common.params - model.source_embedder.token_embedders.tokens.trainable = True
2019-03-31 14:48:12,793 - INFO - allennlp.common.params - model.source_embedder.token_embedders.tokens.padding_index = None
2019-03-31 14:48:12,793 - INFO - allennlp.common.params - model.source_embedder.token_embedders.tokens.max_norm = None
2019-03-31 14:48:12,793 - INFO - allennlp.common.params - model.source_embedder.token_embedders.tokens.norm_type = 2.0
2019-03-31 14:48:12,793 - INFO - allennlp.common.params - model.source_embedder.token_embedders.tokens.scale_grad_by_freq = False
2019-03-31 14:48:12,794 - INFO - allennlp.common.params - model.source_embedder.token_embedders.tokens.sparse = False
2019-03-31 14:48:12,796 - INFO - allennlp.common.from_params - instantiating class <class 'allennlp.modules.seq2seq_encoders.seq2seq_encoder.Seq2SeqEncoder'> from params {'bidirectional': True, 'hidden_size': 300, 'input_size': 300, 'type': 'lstm'} and extras {'vocab': Vocabulary with namespaces:  tokens, Size: 96 || Non Padded Namespaces: {'*labels', '*tags'}}
2019-03-31 14:48:12,796 - INFO - allennlp.common.params - model.encoder.type = lstm
2019-03-31 14:48:12,796 - INFO - allennlp.common.params - model.encoder.batch_first = True
2019-03-31 14:48:12,797 - INFO - allennlp.common.params - model.encoder.stateful = False
2019-03-31 14:48:12,797 - INFO - allennlp.common.params - Converting Params object to dict; logging of default values will not occur when dictionary parameters are used subsequently.
2019-03-31 14:48:12,797 - INFO - allennlp.common.params - CURRENTLY DEFINED PARAMETERS: 
2019-03-31 14:48:12,797 - INFO - allennlp.common.params - model.encoder.bidirectional = True
2019-03-31 14:48:12,797 - INFO - allennlp.common.params - model.encoder.hidden_size = 300
2019-03-31 14:48:12,797 - INFO - allennlp.common.params - model.encoder.input_size = 300
2019-03-31 14:48:12,797 - INFO - allennlp.common.params - model.encoder.batch_first = True
2019-03-31 14:48:12,814 - INFO - allennlp.common.params - model.max_decoding_steps = 10
2019-03-31 14:48:12,814 - INFO - allennlp.common.from_params - instantiating class <class 'allennlp.data.dataset_readers.dataset_reader.DatasetReader'> from params {'type': 'unsupervised_translation'} and extras {'vocab': Vocabulary with namespaces:  tokens, Size: 96 || Non Padded Namespaces: {'*labels', '*tags'}}
2019-03-31 14:48:12,814 - INFO - allennlp.common.params - model.dataset_reader.type = unsupervised_translation
2019-03-31 14:48:12,815 - INFO - allennlp.common.from_params - instantiating class <class 'unsupervised_translation.data.dataset_readers.unsupervised_translation_reader.UnsupervisedTranslationDatasetsReader'> from params {} and extras {'vocab': Vocabulary with namespaces:  tokens, Size: 96 || Non Padded Namespaces: {'*labels', '*tags'}}
2019-03-31 14:48:12,815 - INFO - allennlp.common.params - model.dataset_reader.token_indexers = <allennlp.common.params.Params object at 0x7ff222dc53c8>
2019-03-31 14:48:12,815 - INFO - allennlp.common.params - model.dataset_reader.lazy = False
2019-03-31 14:48:12,816 - INFO - allennlp.common.params - model.beam_size = None
2019-03-31 14:48:12,816 - INFO - allennlp.common.params - model.target_namespace = tokens
2019-03-31 14:48:12,816 - INFO - allennlp.common.params - model.target_embedding_dim = None
2019-03-31 14:48:12,816 - INFO - allennlp.common.params - model.scheduled_sampling_ratio = 0.0
2019-03-31 14:48:12,817 - INFO - allennlp.common.params - model.use_bleu = True
2019-03-31 14:48:12,841 - INFO - root - Loading a model trained before embedding extension was implemented; pass an explicit vocab namespace if you want to extend the vocabulary.
2019-03-31 14:48:12,842 - INFO - allennlp.common.from_params - instantiating class <class 'allennlp.data.iterators.data_iterator.DataIterator'> from params {'batch_size': 2, 'type': 'homogeneous_batches', 'type_field_name': 'lang_pair'} and extras {}
2019-03-31 14:48:12,842 - INFO - allennlp.common.params - iterator.type = homogeneous_batches
2019-03-31 14:48:12,842 - INFO - allennlp.common.from_params - instantiating class <class 'unsupervised_translation.data.iterators.homogeneous_batch_iterator.HomogeneousBatchIterator'> from params {'batch_size': 2, 'type_field_name': 'lang_pair'} and extras {}
2019-03-31 14:48:12,843 - INFO - allennlp.common.params - iterator.type_field_name = lang_pair
2019-03-31 14:48:12,843 - INFO - allennlp.common.params - iterator.allow_mixed_batches = False
2019-03-31 14:48:12,843 - INFO - allennlp.common.params - iterator.batch_size = 2
2019-03-31 14:48:12,843 - INFO - allennlp.common.params - validation_iterator = None
2019-03-31 14:48:12,843 - INFO - allennlp.common.params - trainer.no_grad = ()
2019-03-31 14:48:12,844 - INFO - allennlp.training.trainer - Following parameters are Frozen  (without gradient):
2019-03-31 14:48:12,844 - INFO - allennlp.training.trainer - Following parameters are Tunable (with gradient):
2019-03-31 14:48:12,844 - INFO - allennlp.training.trainer - _source_embedder.token_embedder_tokens.weight
2019-03-31 14:48:12,844 - INFO - allennlp.training.trainer - _encoder._module.weight_ih_l0
2019-03-31 14:48:12,844 - INFO - allennlp.training.trainer - _encoder._module.weight_hh_l0
2019-03-31 14:48:12,844 - INFO - allennlp.training.trainer - _encoder._module.bias_ih_l0
2019-03-31 14:48:12,844 - INFO - allennlp.training.trainer - _encoder._module.bias_hh_l0
2019-03-31 14:48:12,844 - INFO - allennlp.training.trainer - _encoder._module.weight_ih_l0_reverse
2019-03-31 14:48:12,844 - INFO - allennlp.training.trainer - _encoder._module.weight_hh_l0_reverse
2019-03-31 14:48:12,844 - INFO - allennlp.training.trainer - _encoder._module.bias_ih_l0_reverse
2019-03-31 14:48:12,845 - INFO - allennlp.training.trainer - _encoder._module.bias_hh_l0_reverse
2019-03-31 14:48:12,845 - INFO - allennlp.training.trainer - _target_embedder.weight
2019-03-31 14:48:12,845 - INFO - allennlp.training.trainer - _decoder_cell.weight_ih
2019-03-31 14:48:12,845 - INFO - allennlp.training.trainer - _decoder_cell.weight_hh
2019-03-31 14:48:12,845 - INFO - allennlp.training.trainer - _decoder_cell.bias_ih
2019-03-31 14:48:12,845 - INFO - allennlp.training.trainer - _decoder_cell.bias_hh
2019-03-31 14:48:12,845 - INFO - allennlp.training.trainer - _output_projection_layer.weight
2019-03-31 14:48:12,845 - INFO - allennlp.training.trainer - _output_projection_layer.bias
2019-03-31 14:48:12,845 - INFO - allennlp.common.params - trainer.patience = 10
2019-03-31 14:48:12,845 - INFO - allennlp.common.params - trainer.validation_metric = +BLEU
2019-03-31 14:48:12,845 - INFO - allennlp.common.params - trainer.shuffle = True
2019-03-31 14:48:12,845 - INFO - allennlp.common.params - trainer.num_epochs = 130
2019-03-31 14:48:12,845 - INFO - allennlp.common.params - trainer.cuda_device = -1
2019-03-31 14:48:12,845 - INFO - allennlp.common.params - trainer.grad_norm = None
2019-03-31 14:48:12,846 - INFO - allennlp.common.params - trainer.grad_clipping = None
2019-03-31 14:48:12,846 - INFO - allennlp.common.params - trainer.learning_rate_scheduler = None
2019-03-31 14:48:12,846 - INFO - allennlp.common.params - trainer.momentum_scheduler = None
2019-03-31 14:48:12,846 - INFO - allennlp.common.params - trainer.optimizer.type = adam
2019-03-31 14:48:12,846 - INFO - allennlp.common.params - trainer.optimizer.parameter_groups = None
2019-03-31 14:48:12,846 - INFO - allennlp.training.optimizers - Number of trainable parameters: 3724896
2019-03-31 14:48:12,847 - INFO - allennlp.common.params - trainer.optimizer.infer_type_and_cast = True
2019-03-31 14:48:12,847 - INFO - allennlp.common.params - Converting Params object to dict; logging of default values will not occur when dictionary parameters are used subsequently.
2019-03-31 14:48:12,847 - INFO - allennlp.common.params - CURRENTLY DEFINED PARAMETERS: 
2019-03-31 14:48:12,847 - INFO - allennlp.common.params - trainer.optimizer.lr = 0.1
2019-03-31 14:48:12,847 - INFO - allennlp.common.params - trainer.num_serialized_models_to_keep = 20
2019-03-31 14:48:12,847 - INFO - allennlp.common.params - trainer.keep_serialized_model_every_num_seconds = None
2019-03-31 14:48:12,847 - INFO - allennlp.common.params - trainer.model_save_interval = None
2019-03-31 14:48:12,848 - INFO - allennlp.common.params - trainer.summary_interval = 100
2019-03-31 14:48:12,848 - INFO - allennlp.common.params - trainer.histogram_interval = None
2019-03-31 14:48:12,848 - INFO - allennlp.common.params - trainer.should_log_parameter_statistics = True
2019-03-31 14:48:12,848 - INFO - allennlp.common.params - trainer.should_log_learning_rate = False
2019-03-31 14:48:12,848 - INFO - allennlp.common.params - trainer.log_batch_size_period = None
2019-03-31 14:48:12,850 - INFO - allennlp.training.trainer - Beginning training.
2019-03-31 14:48:12,850 - INFO - allennlp.training.trainer - Epoch 0/129
2019-03-31 14:48:12,851 - INFO - allennlp.training.trainer - Peak CPU memory usage MB: 280.568
2019-03-31 14:48:12,858 - INFO - allennlp.training.trainer - Training
2019-03-31 14:48:13,906 - INFO - allennlp.training.trainer - Validating
2019-03-31 14:48:14,009 - INFO - allennlp.training.tensorboard_writer -                   Training |  Validation
2019-03-31 14:48:14,010 - INFO - allennlp.training.tensorboard_writer - cpu_memory_MB |   280.568  |       N/A
2019-03-31 14:48:14,010 - INFO - allennlp.training.tensorboard_writer - BLEU          |       N/A  |     0.000
2019-03-31 14:48:14,011 - INFO - allennlp.training.tensorboard_writer - loss          |    15.828  |     0.000
2019-03-31 14:48:14,048 - INFO - allennlp.training.checkpointer - Best validation performance so far. Copying weights to 'fixtures/serialized/proto/best.th'.
2019-03-31 14:48:14,059 - INFO - allennlp.training.trainer - Epoch duration: 00:00:01
2019-03-31 14:48:14,060 - INFO - allennlp.training.trainer - Estimated training time remaining: 0:02:35
2019-03-31 14:48:14,060 - INFO - allennlp.training.trainer - Epoch 1/129
2019-03-31 14:48:14,060 - INFO - allennlp.training.trainer - Peak CPU memory usage MB: 393.992
2019-03-31 14:48:14,069 - INFO - allennlp.training.trainer - Training
2019-03-31 14:48:15,279 - INFO - allennlp.training.trainer - Validating
2019-03-31 14:48:15,372 - INFO - allennlp.training.tensorboard_writer -                   Training |  Validation
2019-03-31 14:48:15,373 - INFO - allennlp.training.tensorboard_writer - cpu_memory_MB |   393.992  |       N/A
2019-03-31 14:48:15,373 - INFO - allennlp.training.tensorboard_writer - BLEU          |       N/A  |     0.000
2019-03-31 14:48:15,373 - INFO - allennlp.training.tensorboard_writer - loss          |    15.701  |     0.000
2019-03-31 14:48:15,408 - INFO - allennlp.training.trainer - Epoch duration: 00:00:01
2019-03-31 14:48:15,408 - INFO - allennlp.training.trainer - Estimated training time remaining: 0:02:43
2019-03-31 14:48:15,408 - INFO - allennlp.training.trainer - Epoch 2/129
2019-03-31 14:48:15,408 - INFO - allennlp.training.trainer - Peak CPU memory usage MB: 393.992
2019-03-31 14:48:15,418 - INFO - allennlp.training.trainer - Training
2019-03-31 14:48:15,605 - INFO - root - Training interrupted by the user. Attempting to create a model archive using the current best epoch weights.
2019-03-31 14:48:15,605 - INFO - allennlp.models.archival - archiving weights and vocabulary to fixtures/serialized/proto/model.tar.gz
en-en
en-ru
ru-ru
en-en
en-ru
ru-ru
ru-ru
en-en
ru-ru
en-ru
en-ru
en-en
en-ru
ru-ru
en-en
en-ru
ru-ru
ru-ru
en-en
ru-ru
en-ru
en-ru
en-en
